# JRE version: 7.0_25-b15
# Java VM: Java HotSpot(TM) 64-Bit Server VM (23.25-b01 mixed mode bsd-amd64 compressed oops)
Heap
 def new generation   total 35968K, used 24775K [0x000000010c780000, 0x000000010ee80000, 0x0000000111d80000)
  eden space 32000K,  77% used [0x000000010c780000, 0x000000010dfb1e80, 0x000000010e6c0000)
  from space 3968K,   0% used [0x000000010e6c0000, 0x000000010e6c0000, 0x000000010eaa0000)
  to   space 3968K,   0% used [0x000000010eaa0000, 0x000000010eaa0000, 0x000000010ee80000)
 tenured generation   total 79804K, used 47880K [0x0000000111d80000, 0x0000000116b6f000, 0x000000011c980000)
   the space 79804K,  59% used [0x0000000111d80000, 0x0000000114c42220, 0x0000000114c42400, 0x0000000116b6f000)
 compacting perm gen  total 28288K, used 28114K [0x000000011c980000, 0x000000011e520000, 0x0000000121b80000)
   the space 28288K,  99% used [0x000000011c980000, 0x000000011e4f4b18, 0x000000011e4f4c00, 0x000000011e520000)
GC Heap History (10 events):
Event: 59.881 GC heap before
{Heap before GC invocations=68 (full 4):
 def new generation   total 20672K, used 19331K [0x000000010c780000, 0x000000010dde0000, 0x0000000111d80000)
  eden space 18432K, 100% used [0x000000010c780000, 0x000000010d980000, 0x000000010d980000)
  from space 2240K,  40% used [0x000000010d980000, 0x000000010da60f90, 0x000000010dbb0000)
  to   space 2240K,   0% used [0x000000010dbb0000, 0x000000010dbb0000, 0x000000010dde0000)
 tenured generation   total 45780K, used 45079K [0x0000000111d80000, 0x0000000114a35000, 0x000000011c980000)
   the space 45780K,  98% used [0x0000000111d80000, 0x0000000114985d30, 0x0000000114985e00, 0x0000000114a35000)
 compacting perm gen  total 28288K, used 28026K [0x000000011c980000, 0x000000011e520000, 0x0000000121b80000)
   the space 28288K,  99% used [0x000000011c980000, 0x000000011e4deb70, 0x000000011e4dec00, 0x000000011e520000)
No shared spaces configured.
Event: 59.886 GC heap after
Heap after GC invocations=69 (full 4):
 def new generation   total 20672K, used 1077K [0x000000010c780000, 0x000000010dde0000, 0x0000000111d80000)
  eden space 18432K,   0% used [0x000000010c780000, 0x000000010c780000, 0x000000010d980000)
  from space 2240K,  48% used [0x000000010dbb0000, 0x000000010dcbd6a8, 0x000000010dde0000)
  to   space 2240K,   0% used [0x000000010d980000, 0x000000010d980000, 0x000000010dbb0000)
 tenured generation   total 45780K, used 45079K [0x0000000111d80000, 0x0000000114a35000, 0x000000011c980000)
   the space 45780K,  98% used [0x0000000111d80000, 0x0000000114985d30, 0x0000000114985e00, 0x0000000114a35000)
 compacting perm gen  total 28288K, used 28026K [0x000000011c980000, 0x000000011e520000, 0x0000000121b80000)
   the space 28288K,  99% used [0x000000011c980000, 0x000000011e4deb70, 0x000000011e4dec00, 0x000000011e520000)
No shared spaces configured.
}
Event: 59.965 GC heap before
{Heap before GC invocations=69 (full 4):
 def new generation   total 20672K, used 19509K [0x000000010c780000, 0x000000010dde0000, 0x0000000111d80000)
  eden space 18432K, 100% used [0x000000010c780000, 0x000000010d980000, 0x000000010d980000)
  from space 2240K,  48% used [0x000000010dbb0000, 0x000000010dcbd6a8, 0x000000010dde0000)
  to   space 2240K,   0% used [0x000000010d980000, 0x000000010d980000, 0x000000010dbb0000)
 tenured generation   total 45780K, used 45079K [0x0000000111d80000, 0x0000000114a35000, 0x000000011c980000)
   the space 45780K,  98% used [0x0000000111d80000, 0x0000000114985d30, 0x0000000114985e00, 0x0000000114a35000)
 compacting perm gen  total 28288K, used 28026K [0x000000011c980000, 0x000000011e520000, 0x0000000121b80000)
   the space 28288K,  99% used [0x000000011c980000, 0x000000011e4deb70, 0x000000011e4dec00, 0x000000011e520000)
No shared spaces configured.
Event: 59.971 GC heap after
Heap after GC invocations=70 (full 4):
 def new generation   total 20672K, used 1247K [0x000000010c780000, 0x000000010dde0000, 0x0000000111d80000)
  eden space 18432K,   0% used [0x000000010c780000, 0x000000010c780000, 0x000000010d980000)
  from space 2240K,  55% used [0x000000010d980000, 0x000000010dab7cc0, 0x000000010dbb0000)
  to   space 2240K,   0% used [0x000000010dbb0000, 0x000000010dbb0000, 0x000000010dde0000)
 tenured generation   total 45780K, used 45079K [0x0000000111d80000, 0x0000000114a35000, 0x000000011c980000)
   the space 45780K,  98% used [0x0000000111d80000, 0x0000000114985d30, 0x0000000114985e00, 0x0000000114a35000)
 compacting perm gen  total 28288K, used 28026K [0x000000011c980000, 0x000000011e520000, 0x0000000121b80000)
   the space 28288K,  99% used [0x000000011c980000, 0x000000011e4deb70, 0x000000011e4dec00, 0x000000011e520000)
No shared spaces configured.
}
Event: 60.218 GC heap before
{Heap before GC invocations=70 (full 4):
 def new generation   total 20672K, used 19679K [0x000000010c780000, 0x000000010dde0000, 0x0000000111d80000)
  eden space 18432K, 100% used [0x000000010c780000, 0x000000010d980000, 0x000000010d980000)
  from space 2240K,  55% used [0x000000010d980000, 0x000000010dab7cc0, 0x000000010dbb0000)
  to   space 2240K,   0% used [0x000000010dbb0000, 0x000000010dbb0000, 0x000000010dde0000)
 tenured generation   total 45780K, used 45079K [0x0000000111d80000, 0x0000000114a35000, 0x000000011c980000)
   the space 45780K,  98% used [0x0000000111d80000, 0x0000000114985d30, 0x0000000114985e00, 0x0000000114a35000)
 compacting perm gen  total 28288K, used 28027K [0x000000011c980000, 0x000000011e520000, 0x0000000121b80000)
   the space 28288K,  99% used [0x000000011c980000, 0x000000011e4deff8, 0x000000011e4df000, 0x000000011e520000)
No shared spaces configured.
Event: 60.225 GC heap after
Heap after GC invocations=71 (full 4):
 def new generation   total 20672K, used 1238K [0x000000010c780000, 0x000000010dde0000, 0x0000000111d80000)
  eden space 18432K,   0% used [0x000000010c780000, 0x000000010c780000, 0x000000010d980000)
  from space 2240K,  55% used [0x000000010dbb0000, 0x000000010dce59c8, 0x000000010dde0000)
  to   space 2240K,   0% used [0x000000010d980000, 0x000000010d980000, 0x000000010dbb0000)
 tenured generation   total 45780K, used 45258K [0x0000000111d80000, 0x0000000114a35000, 0x000000011c980000)
   the space 45780K,  98% used [0x0000000111d80000, 0x00000001149b2b20, 0x00000001149b2c00, 0x0000000114a35000)
 compacting perm gen  total 28288K, used 28027K [0x000000011c980000, 0x000000011e520000, 0x0000000121b80000)
   the space 28288K,  99% used [0x000000011c980000, 0x000000011e4deff8, 0x000000011e4df000, 0x000000011e520000)
No shared spaces configured.
}
Event: 60.380 GC heap before
{Heap before GC invocations=71 (full 4):
 def new generation   total 20672K, used 19670K [0x000000010c780000, 0x000000010dde0000, 0x0000000111d80000)
  eden space 18432K, 100% used [0x000000010c780000, 0x000000010d980000, 0x000000010d980000)
  from space 2240K,  55% used [0x000000010dbb0000, 0x000000010dce59c8, 0x000000010dde0000)
  to   space 2240K,   0% used [0x000000010d980000, 0x000000010d980000, 0x000000010dbb0000)
 tenured generation   total 45780K, used 45258K [0x0000000111d80000, 0x0000000114a35000, 0x000000011c980000)
   the space 45780K,  98% used [0x0000000111d80000, 0x00000001149b2b20, 0x00000001149b2c00, 0x0000000114a35000)
 compacting perm gen  total 28288K, used 28029K [0x000000011c980000, 0x000000011e520000, 0x0000000121b80000)
   the space 28288K,  99% used [0x000000011c980000, 0x000000011e4df600, 0x000000011e4df600, 0x000000011e520000)
No shared spaces configured.
Event: 60.387 GC heap after
Heap after GC invocations=72 (full 4):
 def new generation   total 20672K, used 2179K [0x000000010c780000, 0x000000010dde0000, 0x0000000111d80000)
  eden space 18432K,   0% used [0x000000010c780000, 0x000000010c780000, 0x000000010d980000)
  from space 2240K,  97% used [0x000000010d980000, 0x000000010dba0dc8, 0x000000010dbb0000)
  to   space 2240K,   0% used [0x000000010dbb0000, 0x000000010dbb0000, 0x000000010dde0000)
 tenured generation   total 45780K, used 45438K [0x0000000111d80000, 0x0000000114a35000, 0x000000011c980000)
   the space 45780K,  99% used [0x0000000111d80000, 0x00000001149df840, 0x00000001149dfa00, 0x0000000114a35000)
 compacting perm gen  total 28288K, used 28029K [0x000000011c980000, 0x000000011e520000, 0x0000000121b80000)
   the space 28288K,  99% used [0x000000011c980000, 0x000000011e4df600, 0x000000011e4df600, 0x000000011e520000)
No shared spaces configured.
}
Event: 62.518 GC heap before
{Heap before GC invocations=72 (full 4):
 def new generation   total 20672K, used 20611K [0x000000010c780000, 0x000000010dde0000, 0x0000000111d80000)
  eden space 18432K, 100% used [0x000000010c780000, 0x000000010d980000, 0x000000010d980000)
  from space 2240K,  97% used [0x000000010d980000, 0x000000010dba0dc8, 0x000000010dbb0000)
  to   space 2240K,   0% used [0x000000010dbb0000, 0x000000010dbb0000, 0x000000010dde0000)
 tenured generation   total 45780K, used 45438K [0x0000000111d80000, 0x0000000114a35000, 0x000000011c980000)
   the space 45780K,  99% used [0x0000000111d80000, 0x00000001149df840, 0x00000001149dfa00, 0x0000000114a35000)
 compacting perm gen  total 28288K, used 28079K [0x000000011c980000, 0x000000011e520000, 0x0000000121b80000)
   the space 28288K,  99% used [0x000000011c980000, 0x000000011e4ebe28, 0x000000011e4ec000, 0x000000011e520000)
No shared spaces configured.
Event: 62.911 GC heap after
Heap after GC invocations=73 (full 5):
 def new generation   total 35968K, used 0K [0x000000010c780000, 0x000000010ee80000, 0x0000000111d80000)
  eden space 32000K,   0% used [0x000000010c780000, 0x000000010c780000, 0x000000010e6c0000)
  from space 3968K,   0% used [0x000000010e6c0000, 0x000000010e6c0000, 0x000000010eaa0000)
  to   space 3968K,   0% used [0x000000010eaa0000, 0x000000010eaa0000, 0x000000010ee80000)
 tenured generation   total 79804K, used 47880K [0x0000000111d80000, 0x0000000116b6f000, 0x000000011c980000)
   the space 79804K,  59% used [0x0000000111d80000, 0x0000000114c42220, 0x0000000114c42400, 0x0000000116b6f000)
 compacting perm gen  total 28288K, used 28079K [0x000000011c980000, 0x000000011e520000, 0x0000000121b80000)
   the space 28288K,  99% used [0x000000011c980000, 0x000000011e4ebe28, 0x000000011e4ec000, 0x000000011e520000)
No shared spaces configured.
}

